<?xml version="1.0" encoding="UTF-8"?>
<testsuite xmlns:xsi="http://www.w3.org/2001/XMLSchema-instance" xsi:noNamespaceSchemaLocation="https://maven.apache.org/surefire/maven-surefire-plugin/xsd/surefire-test-report-3.0.xsd" version="3.0" name="com.findmyjob.TestAts" time="0.447" tests="2" errors="0" skipped="0" failures="0">
  <properties>
[...]
</properties>
  <testcase name="testBasicCalculatePenalty" classname="com.findmyjob.TestAts" time="0.419">
    <system-out><![CDATA[Starting AtsService local fallback test...
====== BASIC CALCULATE TEST RESULT ======
Overall Score: 44
Message: Fair Match! You meet some core requirements but need to add more relevant keywords.
Subscores: {keywordMatch=5, projectRelevance=80, skillsMatch=50, educationMatch=45, formattingScore=55, experienceMatch=65}
=========================================
]]></system-out>
  </testcase>
  <testcase name="testEceMismatch" classname="com.findmyjob.TestAts" time="0.004">
    <system-out><![CDATA[Starting AtsService ECE branch mismatch test...
====== ECE MISMATCH TEST RESULT ======
Subscores: {keywordMatch=30, projectRelevance=55, skillsMatch=30, educationMatch=45, formattingScore=35, experienceMatch=65}
======================================
]]></system-out>
  </testcase>
</testsuite>